<?xml version="1.0" encoding="UTF-8" ?>
<testsuite failures="0" time="0.027" errors="1" skipped="0" tests="1" name="py.gov.mujer.perfil.business.BookmarkBCTest">
  <properties>
[...]
</properties>
  <testcase time="0.004" classname="py.gov.mujer.perfil.business.BookmarkBCTest" name="initializationError">
    <error message="Exception List with 1 exceptions:
Exception 0 :
org.jboss.weld.exceptions.WeldException: WELD-000049 Unable to invoke [method] @PostConstruct public org.ticpy.tekoporu.internal.producer.EntityManagerProducer.init() on org.ticpy.tekoporu.internal.producer.EntityManagerProducer@e29f36
	at org.jboss.weld.bean.AbstractClassBean.defaultPostConstruct(AbstractClassBean.java:595)
	at org.jboss.weld.bean.ManagedBean$ManagedBeanInjectionTarget.postConstruct(ManagedBean.java:200)
	at org.jboss.weld.bean.ManagedBean.create(ManagedBean.java:340)
	at org.ticpy.tekoporu.internal.context.ThreadLocalContext.get(ThreadLocalContext.java:91)
	at org.jboss.weld.manager.BeanManagerImpl.getReference(BeanManagerImpl.java:693)
	at org.jboss.weld.bean.AbstractReceiverBean.getReceiver(AbstractReceiverBean.java:84)
	at org.jboss.weld.bean.ProducerMethod$1.produce(ProducerMethod.java:146)
	at org.jboss.weld.bean.AbstractProducerBean.create(AbstractProducerBean.java:361)
	at org.jboss.weld.context.unbound.DependentContextImpl.get(DependentContextImpl.java:67)
	at org.jboss.weld.manager.BeanManagerImpl.getReference(BeanManagerImpl.java:693)
	at org.jboss.weld.manager.BeanManagerImpl.getReference(BeanManagerImpl.java:775)
	at org.jboss.weld.injection.FieldInjectionPoint.inject(FieldInjectionPoint.java:138)
	at org.jboss.weld.util.Beans.injectBoundFields(Beans.java:875)
	at org.jboss.weld.util.Beans.injectFieldsAndInitializers(Beans.java:887)
	at org.jboss.weld.bean.ManagedBean$ManagedBeanInjectionTarget$1$1.proceed(ManagedBean.java:182)
	at org.jboss.weld.injection.InjectionContextImpl.run(InjectionContextImpl.java:54)
	at org.jboss.weld.bean.ManagedBean$ManagedBeanInjectionTarget$1.work(ManagedBean.java:176)
	at org.jboss.weld.bean.ManagedBean$FixInjectionPoint.run(ManagedBean.java:142)
	at org.jboss.weld.bean.ManagedBean$ManagedBeanInjectionTarget.inject(ManagedBean.java:170)
	at org.jboss.weld.bean.ManagedBean.create(ManagedBean.java:339)
	at org.jboss.weld.context.unbound.DependentContextImpl.get(DependentContextImpl.java:67)
	at org.jboss.weld.manager.BeanManagerImpl.getReference(BeanManagerImpl.java:693)
	at org.jboss.weld.manager.BeanManagerImpl.getReference(BeanManagerImpl.java:775)
	at org.jboss.weld.injection.FieldInjectionPoint.inject(FieldInjectionPoint.java:138)
	at org.jboss.weld.util.Beans.injectBoundFields(Beans.java:875)
	at org.jboss.weld.util.Beans.injectFieldsAndInitializers(Beans.java:887)
	at org.jboss.weld.bean.ManagedBean$ManagedBeanInjectionTarget$1$1.proceed(ManagedBean.java:182)
	at org.jboss.weld.injection.InjectionContextImpl.run(InjectionContextImpl.java:54)
	at org.jboss.weld.bean.ManagedBean$ManagedBeanInjectionTarget$1.work(ManagedBean.java:176)
	at org.jboss.weld.bean.ManagedBean$FixInjectionPoint.run(ManagedBean.java:142)
	at org.jboss.weld.bean.ManagedBean$ManagedBeanInjectionTarget.inject(ManagedBean.java:170)
	at org.jboss.weld.bean.ManagedBean.create(ManagedBean.java:339)
	at org.jboss.weld.context.unbound.DependentContextImpl.get(DependentContextImpl.java:67)
	at org.jboss.weld.manager.BeanManagerImpl.getReference(BeanManagerImpl.java:693)
	at org.jboss.weld.manager.BeanManagerImpl.getReference(BeanManagerImpl.java:731)
	at org.ticpy.tekoporu.internal.processor.AbstractProcessor.getReferencedBean(AbstractProcessor.java:108)
	at org.ticpy.tekoporu.internal.processor.AbstractProcessor.getReferencedBean(AbstractProcessor.java:102)
	at org.ticpy.tekoporu.internal.processor.AnnotatedMethodProcessor.process(AnnotatedMethodProcessor.java:74)
	at org.ticpy.tekoporu.internal.bootstrap.StartupBootstrap.startup(StartupBootstrap.java:124)
	at sun.reflect.NativeMethodAccessorImpl.invoke0(Native Method)
	at sun.reflect.NativeMethodAccessorImpl.invoke(NativeMethodAccessorImpl.java:57)
	at sun.reflect.DelegatingMethodAccessorImpl.invoke(DelegatingMethodAccessorImpl.java:43)
	at java.lang.reflect.Method.invoke(Method.java:616)
	at org.jboss.weld.util.reflection.SecureReflections$13.work(SecureReflections.java:305)
	at org.jboss.weld.util.reflection.SecureReflectionAccess.run(SecureReflectionAccess.java:54)
	at org.jboss.weld.util.reflection.SecureReflectionAccess.runAsInvocation(SecureReflectionAccess.java:163)
	at org.jboss.weld.util.reflection.SecureReflections.invoke(SecureReflections.java:299)
	at org.jboss.weld.introspector.jlr.WeldMethodImpl.invokeOnInstance(WeldMethodImpl.java:188)
	at org.jboss.weld.introspector.ForwardingWeldMethod.invokeOnInstance(ForwardingWeldMethod.java:59)
	at org.jboss.weld.injection.MethodInjectionPoint.invokeOnInstanceWithSpecialValue(MethodInjectionPoint.java:198)
	at org.jboss.weld.event.ObserverMethodImpl.sendEvent(ObserverMethodImpl.java:282)
	at org.jboss.weld.event.ObserverMethodImpl.sendEvent(ObserverMethodImpl.java:265)
	at org.jboss.weld.event.ObserverMethodImpl.notify(ObserverMethodImpl.java:234)
	at org.jboss.weld.bootstrap.events.AbstractContainerEvent.fire(AbstractContainerEvent.java:88)
	at org.jboss.weld.bootstrap.events.AbstractDeploymentContainerEvent.fire(AbstractDeploymentContainerEvent.java:52)
	at org.jboss.weld.bootstrap.events.AfterDeploymentValidationImpl.fire(AfterDeploymentValidationImpl.java:34)
	at org.jboss.weld.bootstrap.WeldBootstrap.validateBeans(WeldBootstrap.java:407)
	at org.jboss.weld.environment.se.Weld.initialize(Weld.java:93)
	at org.jboss.weld.environment.se.StartMain.go(StartMain.java:46)
	at org.jboss.weld.environment.se.StartMain.main(StartMain.java:59)
	at org.ticpy.tekoporu.junit.DemoiselleRunner.init(DemoiselleRunner.java:57)
	at org.ticpy.tekoporu.junit.DemoiselleRunner.&lt;init&gt;(DemoiselleRunner.java:52)
	at sun.reflect.NativeConstructorAccessorImpl.newInstance0(Native Method)
	at sun.reflect.NativeConstructorAccessorImpl.newInstance(NativeConstructorAccessorImpl.java:57)
	at sun.reflect.DelegatingConstructorAccessorImpl.newInstance(DelegatingConstructorAccessorImpl.java:45)
	at java.lang.reflect.Constructor.newInstance(Constructor.java:532)
	at org.junit.internal.builders.AnnotatedBuilder.buildRunner(AnnotatedBuilder.java:31)
	at org.junit.internal.builders.AnnotatedBuilder.runnerForClass(AnnotatedBuilder.java:24)
	at org.junit.runners.model.RunnerBuilder.safeRunnerForClass(RunnerBuilder.java:57)
	at org.junit.internal.builders.AllDefaultPossibilitiesBuilder.runnerForClass(AllDefaultPossibilitiesBuilder.java:29)
	at org.junit.runners.model.RunnerBuilder.safeRunnerForClass(RunnerBuilder.java:57)
	at org.junit.internal.requests.ClassRequest.getRunner(ClassRequest.java:24)
	at org.apache.maven.surefire.junit4.JUnit4TestSet.&lt;init&gt;(JUnit4TestSet.java:45)
	at org.apache.maven.surefire.junit4.JUnit4DirectoryTestSuite.createTestSet(JUnit4DirectoryTestSuite.java:56)
	at org.apache.maven.surefire.suite.AbstractDirectoryTestSuite.locateTestSets(AbstractDirectoryTestSuite.java:96)
	at org.apache.maven.surefire.Surefire.createSuiteFromDefinition(Surefire.java:209)
	at org.apache.maven.surefire.Surefire.run(Surefire.java:156)
	at sun.reflect.NativeMethodAccessorImpl.invoke0(Native Method)
	at sun.reflect.NativeMethodAccessorImpl.invoke(NativeMethodAccessorImpl.java:57)
	at sun.reflect.DelegatingMethodAccessorImpl.invoke(DelegatingMethodAccessorImpl.java:43)
	at java.lang.reflect.Method.invoke(Method.java:616)
	at org.apache.maven.surefire.booter.SurefireBooter.runSuitesInProcess(SurefireBooter.java:345)
	at org.apache.maven.surefire.booter.SurefireBooter.main(SurefireBooter.java:1009)
Caused by: java.lang.reflect.InvocationTargetException
	at sun.reflect.NativeMethodAccessorImpl.invoke0(Native Method)
	at sun.reflect.NativeMethodAccessorImpl.invoke(NativeMethodAccessorImpl.java:57)
	at sun.reflect.DelegatingMethodAccessorImpl.invoke(DelegatingMethodAccessorImpl.java:43)
	at java.lang.reflect.Method.invoke(Method.java:616)
	at org.jboss.weld.util.reflection.SecureReflections$13.work(SecureReflections.java:305)
	at org.jboss.weld.util.reflection.SecureReflectionAccess.run(SecureReflectionAccess.java:54)
	at org.jboss.weld.util.reflection.SecureReflectionAccess.runAsInvocation(SecureReflectionAccess.java:163)
	at org.jboss.weld.util.reflection.SecureReflections.invoke(SecureReflections.java:299)
	at org.jboss.weld.introspector.jlr.WeldMethodImpl.invoke(WeldMethodImpl.java:193)
	at org.jboss.weld.bean.AbstractClassBean.defaultPostConstruct(AbstractClassBean.java:591)
	... 82 more
Caused by: org.jboss.weld.exceptions.WeldException: WELD-000049 Unable to invoke [method] @PostConstruct public org.ticpy.tekoporu.internal.producer.EntityManagerFactoryProducer.init() on org.ticpy.tekoporu.internal.producer.EntityManagerFactoryProducer@bdec44
	at org.jboss.weld.bean.AbstractClassBean.defaultPostConstruct(AbstractClassBean.java:595)
	at org.jboss.weld.bean.ManagedBean$ManagedBeanInjectionTarget.postConstruct(ManagedBean.java:200)
	at org.jboss.weld.bean.ManagedBean.create(ManagedBean.java:340)
	at org.jboss.weld.context.AbstractContext.get(AbstractContext.java:122)
	at org.jboss.weld.bean.proxy.ContextBeanInstance.getInstance(ContextBeanInstance.java:99)
	at org.jboss.weld.bean.proxy.ProxyMethodHandler.invoke(ProxyMethodHandler.java:87)
	at org.ticpy.tekoporu.internal.producer.EntityManagerFactoryProducer$Proxy$_$$_WeldClientProxy.getCache(EntityManagerFactoryProducer$Proxy$_$$_WeldClientProxy.java)
	at org.ticpy.tekoporu.internal.producer.EntityManagerProducer.init(EntityManagerProducer.java:186)
	... 92 more
Caused by: java.lang.reflect.InvocationTargetException
	at sun.reflect.NativeMethodAccessorImpl.invoke0(Native Method)
	at sun.reflect.NativeMethodAccessorImpl.invoke(NativeMethodAccessorImpl.java:57)
	at sun.reflect.DelegatingMethodAccessorImpl.invoke(DelegatingMethodAccessorImpl.java:43)
	at java.lang.reflect.Method.invoke(Method.java:616)
	at org.jboss.weld.util.reflection.SecureReflections$13.work(SecureReflections.java:305)
	at org.jboss.weld.util.reflection.SecureReflectionAccess.run(SecureReflectionAccess.java:54)
	at org.jboss.weld.util.reflection.SecureReflectionAccess.runAsInvocation(SecureReflectionAccess.java:163)
	at org.jboss.weld.util.reflection.SecureReflections.invoke(SecureReflections.java:299)
	at org.jboss.weld.introspector.jlr.WeldMethodImpl.invoke(WeldMethodImpl.java:193)
	at org.jboss.weld.bean.AbstractClassBean.defaultPostConstruct(AbstractClassBean.java:591)
	... 99 more
Caused by: org.ticpy.tekoporu.DemoiselleException: Não foi possível obter a unidade de persistência a partir do arquivo &quot;persistence.xml&quot;.
	at org.ticpy.tekoporu.internal.producer.EntityManagerFactoryProducer.init(EntityManagerFactoryProducer.java:126)
	... 109 more
Caused by: javax.persistence.PersistenceException: [PersistenceUnit: bookmark-ds] Unable to configure EntityManagerFactory
	at org.hibernate.ejb.Ejb3Configuration.configure(Ejb3Configuration.java:374)
	at org.hibernate.ejb.HibernatePersistence.createEntityManagerFactory(HibernatePersistence.java:56)
	at javax.persistence.Persistence.createEntityManagerFactory(Unknown Source)
	at javax.persistence.Persistence.createEntityManagerFactory(Unknown Source)
	at org.ticpy.tekoporu.internal.producer.EntityManagerFactoryProducer.create(EntityManagerFactoryProducer.java:93)
	at org.ticpy.tekoporu.internal.producer.EntityManagerFactoryProducer.init(EntityManagerFactoryProducer.java:118)
	... 109 more
Caused by: org.hibernate.AnnotationException: Use of @OneToMany or @ManyToMany targeting an unmapped class: py.gov.mujer.perfil.domain.Usuario.audLogs[py.gov.mujer.perfil.domain.AudLog]
	at org.hibernate.cfg.annotations.CollectionBinder.bindManyToManySecondPass(CollectionBinder.java:1168)
	at org.hibernate.cfg.annotations.CollectionBinder.bindStarToManySecondPass(CollectionBinder.java:693)
	at org.hibernate.cfg.annotations.CollectionBinder$1.secondPass(CollectionBinder.java:628)
	at org.hibernate.cfg.CollectionSecondPass.doSecondPass(CollectionSecondPass.java:65)
	at org.hibernate.cfg.Configuration.originalSecondPassCompile(Configuration.java:1686)
	at org.hibernate.cfg.Configuration.secondPassCompile(Configuration.java:1393)
	at org.hibernate.cfg.Configuration.buildMappings(Configuration.java:1345)
	at org.hibernate.ejb.Ejb3Configuration.buildMappings(Ejb3Configuration.java:1477)
	at org.hibernate.ejb.EventListenerConfigurator.configure(EventListenerConfigurator.java:193)
	at org.hibernate.ejb.Ejb3Configuration.configure(Ejb3Configuration.java:1096)
	at org.hibernate.ejb.Ejb3Configuration.configure(Ejb3Configuration.java:278)
	at org.hibernate.ejb.Ejb3Configuration.configure(Ejb3Configuration.java:362)
	... 114 more
" type="org.jboss.weld.exceptions.DeploymentException">org.jboss.weld.exceptions.DeploymentException: Exception List with 1 exceptions:
Exception 0 :
org.jboss.weld.exceptions.WeldException: WELD-000049 Unable to invoke [method] @PostConstruct public org.ticpy.tekoporu.internal.producer.EntityManagerProducer.init() on org.ticpy.tekoporu.internal.producer.EntityManagerProducer@e29f36
	at org.jboss.weld.bean.AbstractClassBean.defaultPostConstruct(AbstractClassBean.java:595)
	at org.jboss.weld.bean.ManagedBean$ManagedBeanInjectionTarget.postConstruct(ManagedBean.java:200)
	at org.jboss.weld.bean.ManagedBean.create(ManagedBean.java:340)
	at org.ticpy.tekoporu.internal.context.ThreadLocalContext.get(ThreadLocalContext.java:91)
	at org.jboss.weld.manager.BeanManagerImpl.getReference(BeanManagerImpl.java:693)
	at org.jboss.weld.bean.AbstractReceiverBean.getReceiver(AbstractReceiverBean.java:84)
	at org.jboss.weld.bean.ProducerMethod$1.produce(ProducerMethod.java:146)
	at org.jboss.weld.bean.AbstractProducerBean.create(AbstractProducerBean.java:361)
	at org.jboss.weld.context.unbound.DependentContextImpl.get(DependentContextImpl.java:67)
	at org.jboss.weld.manager.BeanManagerImpl.getReference(BeanManagerImpl.java:693)
	at org.jboss.weld.manager.BeanManagerImpl.getReference(BeanManagerImpl.java:775)
	at org.jboss.weld.injection.FieldInjectionPoint.inject(FieldInjectionPoint.java:138)
	at org.jboss.weld.util.Beans.injectBoundFields(Beans.java:875)
	at org.jboss.weld.util.Beans.injectFieldsAndInitializers(Beans.java:887)
	at org.jboss.weld.bean.ManagedBean$ManagedBeanInjectionTarget$1$1.proceed(ManagedBean.java:182)
	at org.jboss.weld.injection.InjectionContextImpl.run(InjectionContextImpl.java:54)
	at org.jboss.weld.bean.ManagedBean$ManagedBeanInjectionTarget$1.work(ManagedBean.java:176)
	at org.jboss.weld.bean.ManagedBean$FixInjectionPoint.run(ManagedBean.java:142)
	at org.jboss.weld.bean.ManagedBean$ManagedBeanInjectionTarget.inject(ManagedBean.java:170)
	at org.jboss.weld.bean.ManagedBean.create(ManagedBean.java:339)
	at org.jboss.weld.context.unbound.DependentContextImpl.get(DependentContextImpl.java:67)
	at org.jboss.weld.manager.BeanManagerImpl.getReference(BeanManagerImpl.java:693)
	at org.jboss.weld.manager.BeanManagerImpl.getReference(BeanManagerImpl.java:775)
	at org.jboss.weld.injection.FieldInjectionPoint.inject(FieldInjectionPoint.java:138)
	at org.jboss.weld.util.Beans.injectBoundFields(Beans.java:875)
	at org.jboss.weld.util.Beans.injectFieldsAndInitializers(Beans.java:887)
	at org.jboss.weld.bean.ManagedBean$ManagedBeanInjectionTarget$1$1.proceed(ManagedBean.java:182)
	at org.jboss.weld.injection.InjectionContextImpl.run(InjectionContextImpl.java:54)
	at org.jboss.weld.bean.ManagedBean$ManagedBeanInjectionTarget$1.work(ManagedBean.java:176)
	at org.jboss.weld.bean.ManagedBean$FixInjectionPoint.run(ManagedBean.java:142)
	at org.jboss.weld.bean.ManagedBean$ManagedBeanInjectionTarget.inject(ManagedBean.java:170)
	at org.jboss.weld.bean.ManagedBean.create(ManagedBean.java:339)
	at org.jboss.weld.context.unbound.DependentContextImpl.get(DependentContextImpl.java:67)
	at org.jboss.weld.manager.BeanManagerImpl.getReference(BeanManagerImpl.java:693)
	at org.jboss.weld.manager.BeanManagerImpl.getReference(BeanManagerImpl.java:731)
	at org.ticpy.tekoporu.internal.processor.AbstractProcessor.getReferencedBean(AbstractProcessor.java:108)
	at org.ticpy.tekoporu.internal.processor.AbstractProcessor.getReferencedBean(AbstractProcessor.java:102)
	at org.ticpy.tekoporu.internal.processor.AnnotatedMethodProcessor.process(AnnotatedMethodProcessor.java:74)
	at org.ticpy.tekoporu.internal.bootstrap.StartupBootstrap.startup(StartupBootstrap.java:124)
	at sun.reflect.NativeMethodAccessorImpl.invoke0(Native Method)
	at sun.reflect.NativeMethodAccessorImpl.invoke(NativeMethodAccessorImpl.java:57)
	at sun.reflect.DelegatingMethodAccessorImpl.invoke(DelegatingMethodAccessorImpl.java:43)
	at java.lang.reflect.Method.invoke(Method.java:616)
	at org.jboss.weld.util.reflection.SecureReflections$13.work(SecureReflections.java:305)
	at org.jboss.weld.util.reflection.SecureReflectionAccess.run(SecureReflectionAccess.java:54)
	at org.jboss.weld.util.reflection.SecureReflectionAccess.runAsInvocation(SecureReflectionAccess.java:163)
	at org.jboss.weld.util.reflection.SecureReflections.invoke(SecureReflections.java:299)
	at org.jboss.weld.introspector.jlr.WeldMethodImpl.invokeOnInstance(WeldMethodImpl.java:188)
	at org.jboss.weld.introspector.ForwardingWeldMethod.invokeOnInstance(ForwardingWeldMethod.java:59)
	at org.jboss.weld.injection.MethodInjectionPoint.invokeOnInstanceWithSpecialValue(MethodInjectionPoint.java:198)
	at org.jboss.weld.event.ObserverMethodImpl.sendEvent(ObserverMethodImpl.java:282)
	at org.jboss.weld.event.ObserverMethodImpl.sendEvent(ObserverMethodImpl.java:265)
	at org.jboss.weld.event.ObserverMethodImpl.notify(ObserverMethodImpl.java:234)
	at org.jboss.weld.bootstrap.events.AbstractContainerEvent.fire(AbstractContainerEvent.java:88)
	at org.jboss.weld.bootstrap.events.AbstractDeploymentContainerEvent.fire(AbstractDeploymentContainerEvent.java:52)
	at org.jboss.weld.bootstrap.events.AfterDeploymentValidationImpl.fire(AfterDeploymentValidationImpl.java:34)
	at org.jboss.weld.bootstrap.WeldBootstrap.validateBeans(WeldBootstrap.java:407)
	at org.jboss.weld.environment.se.Weld.initialize(Weld.java:93)
	at org.jboss.weld.environment.se.StartMain.go(StartMain.java:46)
	at org.jboss.weld.environment.se.StartMain.main(StartMain.java:59)
	at org.ticpy.tekoporu.junit.DemoiselleRunner.init(DemoiselleRunner.java:57)
	at org.ticpy.tekoporu.junit.DemoiselleRunner.&lt;init&gt;(DemoiselleRunner.java:52)
	at sun.reflect.NativeConstructorAccessorImpl.newInstance0(Native Method)
	at sun.reflect.NativeConstructorAccessorImpl.newInstance(NativeConstructorAccessorImpl.java:57)
	at sun.reflect.DelegatingConstructorAccessorImpl.newInstance(DelegatingConstructorAccessorImpl.java:45)
	at java.lang.reflect.Constructor.newInstance(Constructor.java:532)
	at org.junit.internal.builders.AnnotatedBuilder.buildRunner(AnnotatedBuilder.java:31)
	at org.junit.internal.builders.AnnotatedBuilder.runnerForClass(AnnotatedBuilder.java:24)
	at org.junit.runners.model.RunnerBuilder.safeRunnerForClass(RunnerBuilder.java:57)
	at org.junit.internal.builders.AllDefaultPossibilitiesBuilder.runnerForClass(AllDefaultPossibilitiesBuilder.java:29)
	at org.junit.runners.model.RunnerBuilder.safeRunnerForClass(RunnerBuilder.java:57)
	at org.junit.internal.requests.ClassRequest.getRunner(ClassRequest.java:24)
	at org.apache.maven.surefire.junit4.JUnit4TestSet.&lt;init&gt;(JUnit4TestSet.java:45)
	at org.apache.maven.surefire.junit4.JUnit4DirectoryTestSuite.createTestSet(JUnit4DirectoryTestSuite.java:56)
	at org.apache.maven.surefire.suite.AbstractDirectoryTestSuite.locateTestSets(AbstractDirectoryTestSuite.java:96)
	at org.apache.maven.surefire.Surefire.createSuiteFromDefinition(Surefire.java:209)
	at org.apache.maven.surefire.Surefire.run(Surefire.java:156)
	at sun.reflect.NativeMethodAccessorImpl.invoke0(Native Method)
	at sun.reflect.NativeMethodAccessorImpl.invoke(NativeMethodAccessorImpl.java:57)
	at sun.reflect.DelegatingMethodAccessorImpl.invoke(DelegatingMethodAccessorImpl.java:43)
	at java.lang.reflect.Method.invoke(Method.java:616)
	at org.apache.maven.surefire.booter.SurefireBooter.runSuitesInProcess(SurefireBooter.java:345)
	at org.apache.maven.surefire.booter.SurefireBooter.main(SurefireBooter.java:1009)
Caused by: java.lang.reflect.InvocationTargetException
	at sun.reflect.NativeMethodAccessorImpl.invoke0(Native Method)
	at sun.reflect.NativeMethodAccessorImpl.invoke(NativeMethodAccessorImpl.java:57)
	at sun.reflect.DelegatingMethodAccessorImpl.invoke(DelegatingMethodAccessorImpl.java:43)
	at java.lang.reflect.Method.invoke(Method.java:616)
	at org.jboss.weld.util.reflection.SecureReflections$13.work(SecureReflections.java:305)
	at org.jboss.weld.util.reflection.SecureReflectionAccess.run(SecureReflectionAccess.java:54)
	at org.jboss.weld.util.reflection.SecureReflectionAccess.runAsInvocation(SecureReflectionAccess.java:163)
	at org.jboss.weld.util.reflection.SecureReflections.invoke(SecureReflections.java:299)
	at org.jboss.weld.introspector.jlr.WeldMethodImpl.invoke(WeldMethodImpl.java:193)
	at org.jboss.weld.bean.AbstractClassBean.defaultPostConstruct(AbstractClassBean.java:591)
	... 82 more
Caused by: org.jboss.weld.exceptions.WeldException: WELD-000049 Unable to invoke [method] @PostConstruct public org.ticpy.tekoporu.internal.producer.EntityManagerFactoryProducer.init() on org.ticpy.tekoporu.internal.producer.EntityManagerFactoryProducer@bdec44
	at org.jboss.weld.bean.AbstractClassBean.defaultPostConstruct(AbstractClassBean.java:595)
	at org.jboss.weld.bean.ManagedBean$ManagedBeanInjectionTarget.postConstruct(ManagedBean.java:200)
	at org.jboss.weld.bean.ManagedBean.create(ManagedBean.java:340)
	at org.jboss.weld.context.AbstractContext.get(AbstractContext.java:122)
	at org.jboss.weld.bean.proxy.ContextBeanInstance.getInstance(ContextBeanInstance.java:99)
	at org.jboss.weld.bean.proxy.ProxyMethodHandler.invoke(ProxyMethodHandler.java:87)
	at org.ticpy.tekoporu.internal.producer.EntityManagerFactoryProducer$Proxy$_$$_WeldClientProxy.getCache(EntityManagerFactoryProducer$Proxy$_$$_WeldClientProxy.java)
	at org.ticpy.tekoporu.internal.producer.EntityManagerProducer.init(EntityManagerProducer.java:186)
	... 92 more
Caused by: java.lang.reflect.InvocationTargetException
	at sun.reflect.NativeMethodAccessorImpl.invoke0(Native Method)
	at sun.reflect.NativeMethodAccessorImpl.invoke(NativeMethodAccessorImpl.java:57)
	at sun.reflect.DelegatingMethodAccessorImpl.invoke(DelegatingMethodAccessorImpl.java:43)
	at java.lang.reflect.Method.invoke(Method.java:616)
	at org.jboss.weld.util.reflection.SecureReflections$13.work(SecureReflections.java:305)
	at org.jboss.weld.util.reflection.SecureReflectionAccess.run(SecureReflectionAccess.java:54)
	at org.jboss.weld.util.reflection.SecureReflectionAccess.runAsInvocation(SecureReflectionAccess.java:163)
	at org.jboss.weld.util.reflection.SecureReflections.invoke(SecureReflections.java:299)
	at org.jboss.weld.introspector.jlr.WeldMethodImpl.invoke(WeldMethodImpl.java:193)
	at org.jboss.weld.bean.AbstractClassBean.defaultPostConstruct(AbstractClassBean.java:591)
	... 99 more
Caused by: org.ticpy.tekoporu.DemoiselleException: Não foi possível obter a unidade de persistência a partir do arquivo &quot;persistence.xml&quot;.
	at org.ticpy.tekoporu.internal.producer.EntityManagerFactoryProducer.init(EntityManagerFactoryProducer.java:126)
	... 109 more
Caused by: javax.persistence.PersistenceException: [PersistenceUnit: bookmark-ds] Unable to configure EntityManagerFactory
	at org.hibernate.ejb.Ejb3Configuration.configure(Ejb3Configuration.java:374)
	at org.hibernate.ejb.HibernatePersistence.createEntityManagerFactory(HibernatePersistence.java:56)
	at javax.persistence.Persistence.createEntityManagerFactory(Unknown Source)
	at javax.persistence.Persistence.createEntityManagerFactory(Unknown Source)
	at org.ticpy.tekoporu.internal.producer.EntityManagerFactoryProducer.create(EntityManagerFactoryProducer.java:93)
	at org.ticpy.tekoporu.internal.producer.EntityManagerFactoryProducer.init(EntityManagerFactoryProducer.java:118)
	... 109 more
Caused by: org.hibernate.AnnotationException: Use of @OneToMany or @ManyToMany targeting an unmapped class: py.gov.mujer.perfil.domain.Usuario.audLogs[py.gov.mujer.perfil.domain.AudLog]
	at org.hibernate.cfg.annotations.CollectionBinder.bindManyToManySecondPass(CollectionBinder.java:1168)
	at org.hibernate.cfg.annotations.CollectionBinder.bindStarToManySecondPass(CollectionBinder.java:693)
	at org.hibernate.cfg.annotations.CollectionBinder$1.secondPass(CollectionBinder.java:628)
	at org.hibernate.cfg.CollectionSecondPass.doSecondPass(CollectionSecondPass.java:65)
	at org.hibernate.cfg.Configuration.originalSecondPassCompile(Configuration.java:1686)
	at org.hibernate.cfg.Configuration.secondPassCompile(Configuration.java:1393)
	at org.hibernate.cfg.Configuration.buildMappings(Configuration.java:1345)
	at org.hibernate.ejb.Ejb3Configuration.buildMappings(Ejb3Configuration.java:1477)
	at org.hibernate.ejb.EventListenerConfigurator.configure(EventListenerConfigurator.java:193)
	at org.hibernate.ejb.Ejb3Configuration.configure(Ejb3Configuration.java:1096)
	at org.hibernate.ejb.Ejb3Configuration.configure(Ejb3Configuration.java:278)
	at org.hibernate.ejb.Ejb3Configuration.configure(Ejb3Configuration.java:362)
	... 114 more

	at org.jboss.weld.bootstrap.events.AbstractDeploymentContainerEvent.fire(AbstractDeploymentContainerEvent.java:55)
	at org.jboss.weld.bootstrap.events.AfterDeploymentValidationImpl.fire(AfterDeploymentValidationImpl.java:34)
	at org.jboss.weld.bootstrap.WeldBootstrap.validateBeans(WeldBootstrap.java:407)
	at org.jboss.weld.environment.se.Weld.initialize(Weld.java:93)
	at org.jboss.weld.environment.se.StartMain.go(StartMain.java:46)
	at org.jboss.weld.environment.se.StartMain.main(StartMain.java:59)
	at org.ticpy.tekoporu.junit.DemoiselleRunner.init(DemoiselleRunner.java:57)
	at org.ticpy.tekoporu.junit.DemoiselleRunner.&lt;init&gt;(DemoiselleRunner.java:52)
	at sun.reflect.NativeConstructorAccessorImpl.newInstance0(Native Method)
	at sun.reflect.NativeConstructorAccessorImpl.newInstance(NativeConstructorAccessorImpl.java:57)
	at sun.reflect.DelegatingConstructorAccessorImpl.newInstance(DelegatingConstructorAccessorImpl.java:45)
	at java.lang.reflect.Constructor.newInstance(Constructor.java:532)
	at org.junit.internal.builders.AnnotatedBuilder.buildRunner(AnnotatedBuilder.java:31)
	at org.junit.internal.builders.AnnotatedBuilder.runnerForClass(AnnotatedBuilder.java:24)
	at org.junit.runners.model.RunnerBuilder.safeRunnerForClass(RunnerBuilder.java:57)
	at org.junit.internal.builders.AllDefaultPossibilitiesBuilder.runnerForClass(AllDefaultPossibilitiesBuilder.java:29)
	at org.junit.runners.model.RunnerBuilder.safeRunnerForClass(RunnerBuilder.java:57)
	at org.junit.internal.requests.ClassRequest.getRunner(ClassRequest.java:24)
	at org.apache.maven.surefire.junit4.JUnit4TestSet.&lt;init&gt;(JUnit4TestSet.java:45)
	at org.apache.maven.surefire.junit4.JUnit4DirectoryTestSuite.createTestSet(JUnit4DirectoryTestSuite.java:56)
	at org.apache.maven.surefire.suite.AbstractDirectoryTestSuite.locateTestSets(AbstractDirectoryTestSuite.java:96)
	at org.apache.maven.surefire.Surefire.createSuiteFromDefinition(Surefire.java:209)
	at org.apache.maven.surefire.Surefire.run(Surefire.java:156)
	at sun.reflect.NativeMethodAccessorImpl.invoke0(Native Method)
	at sun.reflect.NativeMethodAccessorImpl.invoke(NativeMethodAccessorImpl.java:57)
	at sun.reflect.DelegatingMethodAccessorImpl.invoke(DelegatingMethodAccessorImpl.java:43)
	at java.lang.reflect.Method.invoke(Method.java:616)
	at org.apache.maven.surefire.booter.SurefireBooter.runSuitesInProcess(SurefireBooter.java:345)
	at org.apache.maven.surefire.booter.SurefireBooter.main(SurefireBooter.java:1009)
</error>
  </testcase>
</testsuite>